2021-08-19T14:28:54.621006Z 0 [Warning] TIMESTAMP with implicit DEFAULT value is deprecated. Please use --explicit_defaults_for_timestamp server option (see documentation for more details).
2021-08-19T14:28:54.621422Z 0 [Note] Ignoring --secure-file-priv value as server is running with --initialize(-insecure) or --bootstrap.
2021-08-19T14:28:54.621527Z 0 [Note] mysqld (mysqld 5.7.34-log) starting as process 50 ...
2021-08-19T14:28:54.624749Z 0 [Note] --initialize specifed on an existing data directory.
2021-08-19T14:28:54.641883Z 0 [Note] InnoDB: PUNCH HOLE support available
2021-08-19T14:28:54.643876Z 0 [Note] InnoDB: Mutexes and rw_locks use GCC atomic builtins
2021-08-19T14:28:54.645315Z 0 [Note] InnoDB: Uses event mutexes
2021-08-19T14:28:54.647026Z 0 [Note] InnoDB: GCC builtin __atomic_thread_fence() is used for memory barrier
2021-08-19T14:28:54.649079Z 0 [Note] InnoDB: Compressed tables use zlib 1.2.11
2021-08-19T14:28:54.651424Z 0 [Note] InnoDB: Using Linux native AIO
2021-08-19T14:28:54.654720Z 0 [Note] InnoDB: Number of pools: 1
2021-08-19T14:28:54.657455Z 0 [Note] InnoDB: Using CPU crc32 instructions
2021-08-19T14:28:54.661063Z 0 [Note] InnoDB: Initializing buffer pool, total size = 128M, instances = 1, chunk size = 128M
2021-08-19T14:28:54.690959Z 0 [Note] InnoDB: Completed initialization of buffer pool
2021-08-19T14:28:54.696305Z 0 [Note] InnoDB: If the mysqld execution user is authorized, page cleaner thread priority can be changed. See the man page of setpriority().
2021-08-19T14:28:54.706257Z 0 [Note] InnoDB: The first innodb_system data file 'ibdata1' did not exist. A new tablespace will be created!
2021-08-19T14:28:54.708149Z 0 [Note] InnoDB: Setting file './ibdata1' size to 12 MB. Physically writing the file full; Please wait ...
2021-08-19T14:28:54.795015Z 0 [Note] InnoDB: File './ibdata1' size is now 12 MB.
2021-08-19T14:28:54.799498Z 0 [Note] InnoDB: Setting log file ./ib_logfile101 size to 48 MB
2021-08-19T14:28:55.137969Z 0 [Note] InnoDB: Setting log file ./ib_logfile1 size to 48 MB
2021-08-19T14:28:55.509817Z 0 [Note] InnoDB: Renaming log file ./ib_logfile101 to ./ib_logfile0
2021-08-19T14:28:55.511406Z 0 [Warning] InnoDB: New log files created, LSN=45790
2021-08-19T14:28:55.512530Z 0 [Note] InnoDB: Creating shared tablespace for temporary tables
2021-08-19T14:28:55.513687Z 0 [Note] InnoDB: Setting file './ibtmp1' size to 12 MB. Physically writing the file full; Please wait ...
2021-08-19T14:28:55.614669Z 0 [Note] InnoDB: File './ibtmp1' size is now 12 MB.
2021-08-19T14:28:55.617204Z 0 [Note] InnoDB: Doublewrite buffer not found: creating new
2021-08-19T14:28:55.664217Z 0 [Note] InnoDB: Doublewrite buffer created
2021-08-19T14:28:55.677854Z 0 [Note] InnoDB: 96 redo rollback segment(s) found. 96 redo rollback segment(s) are active.
2021-08-19T14:28:55.682216Z 0 [Note] InnoDB: 32 non-redo rollback segment(s) are active.
2021-08-19T14:28:55.685038Z 0 [Warning] InnoDB: Creating foreign key constraint system tables.
2021-08-19T14:28:55.698217Z 0 [Note] InnoDB: Foreign key constraint system tables created
2021-08-19T14:28:55.699787Z 0 [Note] InnoDB: Creating tablespace and datafile system tables.
2021-08-19T14:28:55.705879Z 0 [Note] InnoDB: Tablespace and datafile system tables created.
2021-08-19T14:28:55.708016Z 0 [Note] InnoDB: Creating sys_virtual system tables.
2021-08-19T14:28:55.733902Z 0 [Note] InnoDB: sys_virtual table created
2021-08-19T14:28:55.741720Z 0 [Note] InnoDB: Waiting for purge to start
2021-08-19T14:28:55.828274Z 0 [Note] InnoDB: 5.7.34 started; log sequence number 0
2021-08-19T14:28:55.841656Z 0 [Note] Plugin 'FEDERATED' is disabled.
2021-08-19T14:28:55.882637Z 0 [Note] Salting uuid generator variables, current_pid: 50, server_start_time: 1629383334, bytes_sent: 0, 
2021-08-19T14:28:55.884440Z 0 [Note] Generated uuid: 'c8e36172-00f9-11ec-854b-0242ac1c052a', server_start_time: 14073750464916184, bytes_sent: 93950950340208
2021-08-19T14:28:55.885368Z 0 [Warning] No existing UUID has been found, so we assume that this is the first time that this server has been started. Generating a new UUID: c8e36172-00f9-11ec-854b-0242ac1c052a.
2021-08-19T14:28:55.891849Z 0 [Warning] Gtid table is not ready to be used. Table 'mysql.gtid_executed' cannot be opened.
2021-08-19T14:28:56.327108Z 0 [Note] Auto generated SSL certificates are placed in data directory.
2021-08-19T14:28:56.330624Z 0 [Warning] CA certificate ca.pem is self signed.
2021-08-19T14:28:57.321981Z 0 [Note] Auto generated RSA key files are placed in data directory.
2021-08-19T14:28:57.326563Z 1 [Note] Creating the system database
2021-08-19T14:28:57.327714Z 1 [Warning] root@localhost is created with an empty password ! Please consider switching off the --initialize-insecure option.
2021-08-19T14:28:57.329283Z 1 [Note] Creating the system tables
2021-08-19T14:28:58.335128Z 1 [Note] Filling in the system tables, part 1
2021-08-19T14:28:58.341366Z 1 [Note] Filling in the system tables, part 2
2021-08-19T14:28:58.343693Z 1 [Note] Filling in the mysql.help table
2021-08-19T14:28:59.339755Z 1 [Note] Creating user for internal session service
2021-08-19T14:28:59.345682Z 1 [Note] Creating the sys schema
2021-08-19T14:29:00.142910Z 1 [Note] Bootstrapping complete
2021-08-19T14:29:00.146934Z 0 [Note] Giving 0 client threads a chance to die gracefully
2021-08-19T14:29:00.148407Z 0 [Note] Shutting down slave threads
2021-08-19T14:29:00.150682Z 0 [Note] Forcefully disconnecting 0 remaining clients
2021-08-19T14:29:00.152722Z 0 [Note] Binlog end
2021-08-19T14:29:00.161753Z 0 [Note] InnoDB: FTS optimize thread exiting.
2021-08-19T14:29:00.163751Z 0 [Note] InnoDB: Starting shutdown...
2021-08-19T14:29:00.265507Z 0 [Note] InnoDB: Dumping buffer pool(s) to /var/lib/mysql/ib_buffer_pool
2021-08-19T14:29:00.267389Z 0 [Note] InnoDB: Buffer pool(s) dump completed at 210819 14:29:00
2021-08-19T14:29:01.806994Z 0 [Note] InnoDB: Shutdown completed; log sequence number 2747993
2021-08-19T14:29:01.822533Z 0 [Note] InnoDB: Removed temporary tablespace data file: "ibtmp1"
2021-08-19T14:29:02.156872Z 0 [Warning] TIMESTAMP with implicit DEFAULT value is deprecated. Please use --explicit_defaults_for_timestamp server option (see documentation for more details).
2021-08-19T14:29:02.160053Z 0 [Note] mysqld (mysqld 5.7.34-log) starting as process 79 ...
2021-08-19T14:29:02.185799Z 0 [Note] InnoDB: PUNCH HOLE support available
2021-08-19T14:29:02.188360Z 0 [Note] InnoDB: Mutexes and rw_locks use GCC atomic builtins
2021-08-19T14:29:02.190795Z 0 [Note] InnoDB: Uses event mutexes
2021-08-19T14:29:02.194278Z 0 [Note] InnoDB: GCC builtin __atomic_thread_fence() is used for memory barrier
2021-08-19T14:29:02.197404Z 0 [Note] InnoDB: Compressed tables use zlib 1.2.11
2021-08-19T14:29:02.198675Z 0 [Note] InnoDB: Using Linux native AIO
2021-08-19T14:29:02.200463Z 0 [Note] InnoDB: Number of pools: 1
2021-08-19T14:29:02.201673Z 0 [Note] InnoDB: Using CPU crc32 instructions
2021-08-19T14:29:02.205845Z 0 [Note] InnoDB: Initializing buffer pool, total size = 128M, instances = 1, chunk size = 128M
2021-08-19T14:29:02.243681Z 0 [Note] InnoDB: Completed initialization of buffer pool
2021-08-19T14:29:02.249397Z 0 [Note] InnoDB: If the mysqld execution user is authorized, page cleaner thread priority can be changed. See the man page of setpriority().
2021-08-19T14:29:02.265721Z 0 [Note] InnoDB: Highest supported file format is Barracuda.
2021-08-19T14:29:02.372067Z 0 [Note] InnoDB: Creating shared tablespace for temporary tables
2021-08-19T14:29:02.376439Z 0 [Note] InnoDB: Setting file './ibtmp1' size to 12 MB. Physically writing the file full; Please wait ...
2021-08-19T14:29:02.438556Z 0 [Note] InnoDB: File './ibtmp1' size is now 12 MB.
2021-08-19T14:29:02.443301Z 0 [Note] InnoDB: 96 redo rollback segment(s) found. 96 redo rollback segment(s) are active.
2021-08-19T14:29:02.447038Z 0 [Note] InnoDB: 32 non-redo rollback segment(s) are active.
2021-08-19T14:29:02.449616Z 0 [Note] InnoDB: Waiting for purge to start
2021-08-19T14:29:02.502003Z 0 [Note] InnoDB: 5.7.34 started; log sequence number 2747993
2021-08-19T14:29:02.504582Z 0 [Note] InnoDB: Loading buffer pool(s) from /var/lib/mysql/ib_buffer_pool
2021-08-19T14:29:02.504751Z 0 [Note] Plugin 'FEDERATED' is disabled.
2021-08-19T14:29:02.509878Z 0 [Note] InnoDB: Buffer pool(s) load completed at 210819 14:29:02
2021-08-19T14:29:02.564818Z 0 [Note] Found ca.pem, server-cert.pem and server-key.pem in data directory. Trying to enable SSL support using them.
2021-08-19T14:29:02.566772Z 0 [Note] Skipping generation of SSL certificates as certificate files are present in data directory.
2021-08-19T14:29:02.570707Z 0 [Warning] CA certificate ca.pem is self signed.
2021-08-19T14:29:02.572966Z 0 [Note] Skipping generation of RSA key pair as key files are present in data directory.
2021-08-19T14:29:02.581683Z 0 [Warning] Insecure configuration for --pid-file: Location '/var/lib/mysql' in the path is accessible to all OS users. Consider choosing a different directory.
2021-08-19T14:29:02.594183Z 0 [Note] Failed to start slave threads for channel ''
2021-08-19T14:29:02.612618Z 0 [Note] Event Scheduler: Loaded 0 events
2021-08-19T14:29:02.616963Z 0 [Note] mysqld: ready for connections.
Version: '5.7.34-log'  socket: '/var/run/mysqld/mysqld.sock'  port: 0  MySQL Community Server (GPL)
2021-08-19T14:29:11.179665Z 0 [Note] Giving 0 client threads a chance to die gracefully
2021-08-19T14:29:11.181277Z 0 [Note] Shutting down slave threads
2021-08-19T14:29:11.182967Z 0 [Note] Forcefully disconnecting 0 remaining clients
2021-08-19T14:29:11.184031Z 0 [Note] Event Scheduler: Purging the queue. 0 events
2021-08-19T14:29:11.185622Z 0 [Note] Binlog end
2021-08-19T14:29:11.193711Z 0 [Note] Shutting down plugin 'ngram'
2021-08-19T14:29:11.195586Z 0 [Note] Shutting down plugin 'partition'
2021-08-19T14:29:11.197370Z 0 [Note] Shutting down plugin 'BLACKHOLE'
2021-08-19T14:29:11.198327Z 0 [Note] Shutting down plugin 'ARCHIVE'
2021-08-19T14:29:11.199414Z 0 [Note] Shutting down plugin 'PERFORMANCE_SCHEMA'
2021-08-19T14:29:11.200547Z 0 [Note] Shutting down plugin 'MRG_MYISAM'
2021-08-19T14:29:11.201925Z 0 [Note] Shutting down plugin 'MyISAM'
2021-08-19T14:29:11.202960Z 0 [Note] Shutting down plugin 'INNODB_SYS_VIRTUAL'
2021-08-19T14:29:11.205421Z 0 [Note] Shutting down plugin 'INNODB_SYS_DATAFILES'
2021-08-19T14:29:11.206818Z 0 [Note] Shutting down plugin 'INNODB_SYS_TABLESPACES'
2021-08-19T14:29:11.209224Z 0 [Note] Shutting down plugin 'INNODB_SYS_FOREIGN_COLS'
2021-08-19T14:29:11.210217Z 0 [Note] Shutting down plugin 'INNODB_SYS_FOREIGN'
2021-08-19T14:29:11.211970Z 0 [Note] Shutting down plugin 'INNODB_SYS_FIELDS'
2021-08-19T14:29:11.213419Z 0 [Note] Shutting down plugin 'INNODB_SYS_COLUMNS'
2021-08-19T14:29:11.214949Z 0 [Note] Shutting down plugin 'INNODB_SYS_INDEXES'
2021-08-19T14:29:11.215997Z 0 [Note] Shutting down plugin 'INNODB_SYS_TABLESTATS'
2021-08-19T14:29:11.217276Z 0 [Note] Shutting down plugin 'INNODB_SYS_TABLES'
2021-08-19T14:29:11.218558Z 0 [Note] Shutting down plugin 'INNODB_FT_INDEX_TABLE'
2021-08-19T14:29:11.220616Z 0 [Note] Shutting down plugin 'INNODB_FT_INDEX_CACHE'
2021-08-19T14:29:11.222121Z 0 [Note] Shutting down plugin 'INNODB_FT_CONFIG'
2021-08-19T14:29:11.223478Z 0 [Note] Shutting down plugin 'INNODB_FT_BEING_DELETED'
2021-08-19T14:29:11.224852Z 0 [Note] Shutting down plugin 'INNODB_FT_DELETED'
2021-08-19T14:29:11.226532Z 0 [Note] Shutting down plugin 'INNODB_FT_DEFAULT_STOPWORD'
2021-08-19T14:29:11.228034Z 0 [Note] Shutting down plugin 'INNODB_METRICS'
2021-08-19T14:29:11.230774Z 0 [Note] Shutting down plugin 'INNODB_TEMP_TABLE_INFO'
2021-08-19T14:29:11.231706Z 0 [Note] Shutting down plugin 'INNODB_BUFFER_POOL_STATS'
2021-08-19T14:29:11.232778Z 0 [Note] Shutting down plugin 'INNODB_BUFFER_PAGE_LRU'
2021-08-19T14:29:11.233729Z 0 [Note] Shutting down plugin 'INNODB_BUFFER_PAGE'
2021-08-19T14:29:11.235259Z 0 [Note] Shutting down plugin 'INNODB_CMP_PER_INDEX_RESET'
2021-08-19T14:29:11.236822Z 0 [Note] Shutting down plugin 'INNODB_CMP_PER_INDEX'
2021-08-19T14:29:11.238617Z 0 [Note] Shutting down plugin 'INNODB_CMPMEM_RESET'
2021-08-19T14:29:11.240148Z 0 [Note] Shutting down plugin 'INNODB_CMPMEM'
2021-08-19T14:29:11.242741Z 0 [Note] Shutting down plugin 'INNODB_CMP_RESET'
2021-08-19T14:29:11.245062Z 0 [Note] Shutting down plugin 'INNODB_CMP'
2021-08-19T14:29:11.247622Z 0 [Note] Shutting down plugin 'INNODB_LOCK_WAITS'
2021-08-19T14:29:11.248987Z 0 [Note] Shutting down plugin 'INNODB_LOCKS'
2021-08-19T14:29:11.249804Z 0 [Note] Shutting down plugin 'INNODB_TRX'
2021-08-19T14:29:11.250790Z 0 [Note] Shutting down plugin 'InnoDB'
2021-08-19T14:29:11.251893Z 0 [Note] InnoDB: FTS optimize thread exiting.
2021-08-19T14:29:11.253496Z 0 [Note] InnoDB: Starting shutdown...
2021-08-19T14:29:11.357385Z 0 [Note] InnoDB: Dumping buffer pool(s) to /var/lib/mysql/ib_buffer_pool
2021-08-19T14:29:11.363651Z 0 [Note] InnoDB: Buffer pool(s) dump completed at 210819 14:29:11
2021-08-19T14:29:12.554487Z 0 [Note] InnoDB: Shutdown completed; log sequence number 12665511
2021-08-19T14:29:12.558211Z 0 [Note] InnoDB: Removed temporary tablespace data file: "ibtmp1"
2021-08-19T14:29:12.563121Z 0 [Note] Shutting down plugin 'MEMORY'
2021-08-19T14:29:12.566802Z 0 [Note] Shutting down plugin 'CSV'
2021-08-19T14:29:12.569398Z 0 [Note] Shutting down plugin 'sha256_password'
2021-08-19T14:29:12.575248Z 0 [Note] Shutting down plugin 'mysql_native_password'
2021-08-19T14:29:12.578866Z 0 [Note] Shutting down plugin 'binlog'
2021-08-19T14:29:12.591381Z 0 [Note] mysqld: Shutdown complete

2021-08-19T14:29:13.458566Z 0 [Warning] TIMESTAMP with implicit DEFAULT value is deprecated. Please use --explicit_defaults_for_timestamp server option (see documentation for more details).
2021-08-19T14:29:13.461982Z 0 [Note] mysqld (mysqld 5.7.34-log) starting as process 1 ...
2021-08-19T14:29:13.484679Z 0 [Note] InnoDB: PUNCH HOLE support available
2021-08-19T14:29:13.487337Z 0 [Note] InnoDB: Mutexes and rw_locks use GCC atomic builtins
2021-08-19T14:29:13.488774Z 0 [Note] InnoDB: Uses event mutexes
2021-08-19T14:29:13.490203Z 0 [Note] InnoDB: GCC builtin __atomic_thread_fence() is used for memory barrier
2021-08-19T14:29:13.491627Z 0 [Note] InnoDB: Compressed tables use zlib 1.2.11
2021-08-19T14:29:13.494478Z 0 [Note] InnoDB: Using Linux native AIO
2021-08-19T14:29:13.497202Z 0 [Note] InnoDB: Number of pools: 1
2021-08-19T14:29:13.500627Z 0 [Note] InnoDB: Using CPU crc32 instructions
2021-08-19T14:29:13.504857Z 0 [Note] InnoDB: Initializing buffer pool, total size = 128M, instances = 1, chunk size = 128M
2021-08-19T14:29:13.525087Z 0 [Note] InnoDB: Completed initialization of buffer pool
2021-08-19T14:29:13.531633Z 0 [Note] InnoDB: If the mysqld execution user is authorized, page cleaner thread priority can be changed. See the man page of setpriority().
2021-08-19T14:29:13.546491Z 0 [Note] InnoDB: Highest supported file format is Barracuda.
2021-08-19T14:29:13.600504Z 0 [Note] InnoDB: Creating shared tablespace for temporary tables
2021-08-19T14:29:13.605621Z 0 [Note] InnoDB: Setting file './ibtmp1' size to 12 MB. Physically writing the file full; Please wait ...
2021-08-19T14:29:13.672427Z 0 [Note] InnoDB: File './ibtmp1' size is now 12 MB.
2021-08-19T14:29:13.676930Z 0 [Note] InnoDB: 96 redo rollback segment(s) found. 96 redo rollback segment(s) are active.
2021-08-19T14:29:13.680217Z 0 [Note] InnoDB: 32 non-redo rollback segment(s) are active.
2021-08-19T14:29:13.685439Z 0 [Note] InnoDB: Waiting for purge to start
2021-08-19T14:29:13.738469Z 0 [Note] InnoDB: 5.7.34 started; log sequence number 12665511
2021-08-19T14:29:13.740382Z 0 [Note] InnoDB: Loading buffer pool(s) from /var/lib/mysql/ib_buffer_pool
2021-08-19T14:29:13.740478Z 0 [Note] Plugin 'FEDERATED' is disabled.
2021-08-19T14:29:13.769760Z 0 [Note] InnoDB: Buffer pool(s) load completed at 210819 14:29:13
2021-08-19T14:29:13.837590Z 0 [Note] Found ca.pem, server-cert.pem and server-key.pem in data directory. Trying to enable SSL support using them.
2021-08-19T14:29:13.839550Z 0 [Note] Skipping generation of SSL certificates as certificate files are present in data directory.
2021-08-19T14:29:13.844411Z 0 [Warning] CA certificate ca.pem is self signed.
2021-08-19T14:29:13.846183Z 0 [Note] Skipping generation of RSA key pair as key files are present in data directory.
2021-08-19T14:29:13.849662Z 0 [Note] Server hostname (bind-address): '*'; port: 3306
2021-08-19T14:29:13.851212Z 0 [Note] IPv6 is available.
2021-08-19T14:29:13.852734Z 0 [Note]   - '::' resolves to '::';
2021-08-19T14:29:13.854006Z 0 [Note] Server socket created on IP: '::'.
2021-08-19T14:29:13.861078Z 0 [Warning] Insecure configuration for --pid-file: Location '/var/lib/mysql' in the path is accessible to all OS users. Consider choosing a different directory.
2021-08-19T14:29:13.927813Z 0 [Note] Failed to start slave threads for channel ''
2021-08-19T14:29:13.975257Z 0 [Note] Event Scheduler: Loaded 0 events
2021-08-19T14:29:13.977446Z 0 [Note] mysqld: ready for connections.
Version: '5.7.34-log'  socket: '/var/run/mysqld/mysqld.sock'  port: 3306  MySQL Community Server (GPL)
2021-08-19T14:41:20.598144Z 0 [Note] Giving 0 client threads a chance to die gracefully
2021-08-19T14:41:20.638897Z 0 [Note] Shutting down slave threads
2021-08-19T14:41:20.655264Z 0 [Note] Forcefully disconnecting 0 remaining clients
2021-08-19T14:41:20.699037Z 0 [Note] Event Scheduler: Purging the queue. 0 events
2021-08-19T15:05:10.092241Z 0 [Warning] TIMESTAMP with implicit DEFAULT value is deprecated. Please use --explicit_defaults_for_timestamp server option (see documentation for more details).
2021-08-19T15:05:10.093457Z 0 [Note] mysqld (mysqld 5.7.34-log) starting as process 1 ...
2021-08-19T15:05:10.100454Z 0 [Note] InnoDB: PUNCH HOLE support available
2021-08-19T15:05:10.101316Z 0 [Note] InnoDB: Mutexes and rw_locks use GCC atomic builtins
2021-08-19T15:05:10.101759Z 0 [Note] InnoDB: Uses event mutexes
2021-08-19T15:05:10.102265Z 0 [Note] InnoDB: GCC builtin __atomic_thread_fence() is used for memory barrier
2021-08-19T15:05:10.102893Z 0 [Note] InnoDB: Compressed tables use zlib 1.2.11
2021-08-19T15:05:10.103693Z 0 [Note] InnoDB: Using Linux native AIO
2021-08-19T15:05:10.105502Z 0 [Note] InnoDB: Number of pools: 1
2021-08-19T15:05:10.108277Z 0 [Note] InnoDB: Using CPU crc32 instructions
2021-08-19T15:05:10.111919Z 0 [Note] InnoDB: Initializing buffer pool, total size = 128M, instances = 1, chunk size = 128M
2021-08-19T15:05:10.128609Z 0 [Note] InnoDB: Completed initialization of buffer pool
2021-08-19T15:05:10.133301Z 0 [Note] InnoDB: If the mysqld execution user is authorized, page cleaner thread priority can be changed. See the man page of setpriority().
2021-08-19T15:05:10.153033Z 0 [Note] InnoDB: Highest supported file format is Barracuda.
2021-08-19T15:05:10.182963Z 0 [Note] InnoDB: Creating shared tablespace for temporary tables
2021-08-19T15:05:10.183881Z 0 [Note] InnoDB: Setting file './ibtmp1' size to 12 MB. Physically writing the file full; Please wait ...
2021-08-19T15:05:10.281621Z 0 [Note] InnoDB: File './ibtmp1' size is now 12 MB.
2021-08-19T15:05:10.283482Z 0 [Note] InnoDB: 96 redo rollback segment(s) found. 96 redo rollback segment(s) are active.
2021-08-19T15:05:10.284111Z 0 [Note] InnoDB: 32 non-redo rollback segment(s) are active.
2021-08-19T15:05:10.285493Z 0 [Note] InnoDB: Waiting for purge to start
2021-08-19T15:05:10.336310Z 0 [Note] InnoDB: 5.7.34 started; log sequence number 12665539
2021-08-19T15:05:10.337594Z 0 [Note] InnoDB: Loading buffer pool(s) from /var/lib/mysql/ib_buffer_pool
2021-08-19T15:05:10.338449Z 0 [Note] Plugin 'FEDERATED' is disabled.
2021-08-19T15:05:10.442317Z 0 [Note] InnoDB: Buffer pool(s) load completed at 210819 15:05:10
2021-08-19T15:05:10.447385Z 0 [Note] Found ca.pem, server-cert.pem and server-key.pem in data directory. Trying to enable SSL support using them.
2021-08-19T15:05:10.447994Z 0 [Note] Skipping generation of SSL certificates as certificate files are present in data directory.
2021-08-19T15:05:10.451148Z 0 [Warning] CA certificate ca.pem is self signed.
2021-08-19T15:05:10.451796Z 0 [Note] Skipping generation of RSA key pair as key files are present in data directory.
2021-08-19T15:05:10.454266Z 0 [Note] Server hostname (bind-address): '*'; port: 3306
2021-08-19T15:05:10.454930Z 0 [Note] IPv6 is available.
2021-08-19T15:05:10.455671Z 0 [Note]   - '::' resolves to '::';
2021-08-19T15:05:10.456408Z 0 [Note] Server socket created on IP: '::'.
2021-08-19T15:05:10.460990Z 0 [Warning] Insecure configuration for --pid-file: Location '/var/lib/mysql' in the path is accessible to all OS users. Consider choosing a different directory.
2021-08-19T15:05:10.501197Z 0 [Note] Failed to start slave threads for channel ''
2021-08-19T15:05:10.570515Z 0 [Note] Event Scheduler: Loaded 0 events
2021-08-19T15:05:10.572483Z 0 [Note] mysqld: ready for connections.
Version: '5.7.34-log'  socket: '/var/run/mysqld/mysqld.sock'  port: 3306  MySQL Community Server (GPL)
2021-08-19T15:11:56.401623Z 2 [Note] Access denied for user 'root'@'172.28.5.0' (using password: NO)
2021-08-19T15:12:00.254550Z 3 [Note] Access denied for user 'root'@'172.28.5.0' (using password: NO)
2021-08-19T15:13:12.085407Z 4 [Warning] Neither --relay-log nor --relay-log-index were used; so replication may break when this MySQL server acts as a slave and has his hostname changed!! Please use '--relay-log=slave-relay-bin' to avoid this problem.
2021-08-19T15:13:12.097441Z 4 [Note] 'CHANGE MASTER TO FOR CHANNEL '' executed'. Previous state master_host='', master_port= 3306, master_log_file='', master_log_pos= 4, master_bind=''. New state master_host='172.28.5.41', master_port= 3306, master_log_file='mysql_bin_log.000004', master_log_pos= 154, master_bind=''.
2021-08-19T15:13:55.107194Z 5 [Warning] Storing MySQL user name or password information in the master info repository is not secure and is therefore not recommended. Please consider using the USER and PASSWORD connection options for START SLAVE; see the 'START SLAVE Syntax' in the MySQL Manual for more information.
2021-08-19T15:13:55.109354Z 6 [Warning] Slave SQL for channel '': If a crash happens this configuration does not guarantee that the relay log info will be consistent, Error_code: 0
2021-08-19T15:13:55.109772Z 5 [Note] Slave I/O thread for channel '': connected to master 'replica@172.28.5.41:3306',replication started in log 'mysql_bin_log.000004' at position 154
2021-08-19T15:13:55.110517Z 6 [Note] Slave SQL thread for channel '' initialized, starting replication in log 'mysql_bin_log.000004' at position 154, relay log './slave-relay-bin.000001' position: 4
